  Preprocessing: kernals.cl
  Setting target instruction set architecture to: Default (Advanced Vector Extension 2 (AVX2))
  OpenCL Intel CPU device was found!
  Device name: Intel(R) Core(TM) i5-6500 CPU @ 3.20GHz
  Device version: OpenCL 2.0 (Build 25)
  Device vendor: Intel(R) Corporation
  Device profile: FULL_PROFILE
  Compilation started
  Compilation done
  Linking started
  Linking done
  Device build started
  Device build done
  Kernel <addOneToInput> was successfully vectorized (8)
  Kernel <addAll> was not vectorized
  Kernel <HS_Scan> was successfully vectorized (8)
  Kernel <B_Scan> was successfully vectorized (8)
  Kernel <blelloch_max> was successfully vectorized (8)
  Kernel <odd_even_sort_ascending> was successfully vectorized (8)
  Done.
  addOneToInput info:
  	Maximum work-group size: 8192
  	Compiler work-group size: (0, 0, 0)
  	Local memory size: 0
  	Preferred multiple of work-group size: 128
  	Minimum amount of private memory: 0
  
  addAll info:
  	Maximum work-group size: 2048
  	Compiler work-group size: (0, 0, 0)
  	Local memory size: 0
  	Preferred multiple of work-group size: 128
  	Minimum amount of private memory: 128
  
  HS_Scan info:
  	Maximum work-group size: 2048
  	Compiler work-group size: (0, 0, 0)
  	Local memory size: 0
  	Preferred multiple of work-group size: 128
  	Minimum amount of private memory: 128
  
  B_Scan info:
  	Maximum work-group size: 2048
  	Compiler work-group size: (0, 0, 0)
  	Local memory size: 0
  	Preferred multiple of work-group size: 128
  	Minimum amount of private memory: 128
  
  blelloch_max info:
  	Maximum work-group size: 2048
  	Compiler work-group size: (0, 0, 0)
  	Local memory size: 0
  	Preferred multiple of work-group size: 128
  	Minimum amount of private memory: 128
  
  odd_even_sort_ascending info:
  	Maximum work-group size: 2048
  	Compiler work-group size: (0, 0, 0)
  	Local memory size: 0
  	Preferred multiple of work-group size: 128
  	Minimum amount of private memory: 128
  
  Build succeeded!
  
  Main.cpp
Main.cpp(40): warning C4018: '<': signed/unsigned mismatch
  WeatherSummerise.vcxproj -> C:\Users\user\Desktop\Parallel Computing\Assignment\WeatherSummerise\Debug\WeatherSummerise.exe
  WeatherSummerise.vcxproj -> C:\Users\user\Desktop\Parallel Computing\Assignment\WeatherSummerise\Debug\WeatherSummerise.pdb (Full PDB)
  kernals.cl
          1 file(s) copied.
