Setting target instruction set architecture to: Default (Advanced Vector Extension 2 (AVX2))
OpenCL Intel CPU device was found!
Device name: Intel(R) Core(TM) i5-6500 CPU @ 3.20GHz
Device version: OpenCL 2.0 (Build 25)
Device vendor: Intel(R) Corporation
Device profile: FULL_PROFILE
Compilation started
Compilation done
Linking started
Linking done
Device build started
Device build done
Kernel <add> was successfully vectorized (8)
Kernel <reduce_add_4> was successfully vectorized (8)
Kernel <reduce_min> was successfully vectorized (8)
Kernel <reduce_max> was successfully vectorized (8)
Kernel <my_histogram> was successfully vectorized (8)
Kernel <hist_simple> was successfully vectorized (8)
Kernel <hist> was successfully vectorized (8)
Done.
add info:
	Maximum work-group size: 8192
	Compiler work-group size: (0, 0, 0)
	Local memory size: 0
	Preferred multiple of work-group size: 128
	Minimum amount of private memory: 0

reduce_add_4 info:
	Maximum work-group size: 2048
	Compiler work-group size: (0, 0, 0)
	Local memory size: 0
	Preferred multiple of work-group size: 128
	Minimum amount of private memory: 128

reduce_min info:
	Maximum work-group size: 2048
	Compiler work-group size: (0, 0, 0)
	Local memory size: 0
	Preferred multiple of work-group size: 128
	Minimum amount of private memory: 128

reduce_max info:
	Maximum work-group size: 2048
	Compiler work-group size: (0, 0, 0)
	Local memory size: 0
	Preferred multiple of work-group size: 128
	Minimum amount of private memory: 128

my_histogram info:
	Maximum work-group size: 8192
	Compiler work-group size: (0, 0, 0)
	Local memory size: 0
	Preferred multiple of work-group size: 128
	Minimum amount of private memory: 0

hist_simple info:
	Maximum work-group size: 8192
	Compiler work-group size: (0, 0, 0)
	Local memory size: 0
	Preferred multiple of work-group size: 128
	Minimum amount of private memory: 0

hist info:
	Maximum work-group size: 8192
	Compiler work-group size: (0, 0, 0)
	Local memory size: 0
	Preferred multiple of work-group size: 128
	Minimum amount of private memory: 0

Build succeeded!
