  Preprocessing: OpenCLFile.cl
  Setting target instruction set architecture to: Default (Advanced Vector Extension 2 (AVX2))
  OpenCL Intel CPU device was found!
  Device name: Intel(R) Core(TM) i5-6500 CPU @ 3.20GHz
  Device version: OpenCL 2.0 (Build 25)
  Device vendor: Intel(R) Corporation
  Device profile: FULL_PROFILE
  Compilation started
  Compilation done
  Linking started
  Linking done
  Device build started
  Device build done
  Kernel <add> was successfully vectorized (8)
  Kernel <reduce_add_4> was successfully vectorized (8)
  Kernel <reduce_min> was successfully vectorized (8)
  Kernel <reduce_max> was successfully vectorized (8)
  Kernel <my_histogram> was successfully vectorized (8)
  Kernel <hist_simple> was successfully vectorized (8)
  Kernel <hist> was successfully vectorized (8)
  Done.
  add info:
  	Maximum work-group size: 8192
  	Compiler work-group size: (0, 0, 0)
  	Local memory size: 0
  	Preferred multiple of work-group size: 128
  	Minimum amount of private memory: 0
  
  reduce_add_4 info:
  	Maximum work-group size: 2048
  	Compiler work-group size: (0, 0, 0)
  	Local memory size: 0
  	Preferred multiple of work-group size: 128
  	Minimum amount of private memory: 128
  
  reduce_min info:
  	Maximum work-group size: 2048
  	Compiler work-group size: (0, 0, 0)
  	Local memory size: 0
  	Preferred multiple of work-group size: 128
  	Minimum amount of private memory: 128
  
  reduce_max info:
  	Maximum work-group size: 2048
  	Compiler work-group size: (0, 0, 0)
  	Local memory size: 0
  	Preferred multiple of work-group size: 128
  	Minimum amount of private memory: 128
  
  my_histogram info:
  	Maximum work-group size: 8192
  	Compiler work-group size: (0, 0, 0)
  	Local memory size: 0
  	Preferred multiple of work-group size: 128
  	Minimum amount of private memory: 0
  
  hist_simple info:
  	Maximum work-group size: 8192
  	Compiler work-group size: (0, 0, 0)
  	Local memory size: 0
  	Preferred multiple of work-group size: 128
  	Minimum amount of private memory: 0
  
  hist info:
  	Maximum work-group size: 8192
  	Compiler work-group size: (0, 0, 0)
  	Local memory size: 0
  	Preferred multiple of work-group size: 128
  	Minimum amount of private memory: 0
  
  Build succeeded!
  
  Source.cpp
Source.cpp(18): warning C4018: '<': signed/unsigned mismatch
Source.cpp(182): warning C4244: 'initializing': conversion from 'int' to 'float', possible loss of data
Source.cpp(277): warning C4244: 'argument': conversion from 'float' to 'int', possible loss of data
Source.cpp(340): warning C4244: 'initializing': conversion from 'int' to 'float', possible loss of data
Source.cpp(352): warning C4244: 'initializing': conversion from 'int' to 'float', possible loss of data
Source.cpp(491): warning C4244: 'initializing': conversion from 'float' to 'int', possible loss of data
Source.cpp(492): warning C4244: 'initializing': conversion from 'float' to 'int', possible loss of data
Source.cpp(526): warning C4477: 'printf' : format string '%d' requires an argument of type 'int', but variadic argument 1 has type 'std::vector<cl_context_properties,std::allocator<_Ty>>'
          with
          [
              _Ty=cl_context_properties
          ]
C:\Program Files (x86)\Microsoft Visual Studio 14.0\VC\include\xmemory0(737): warning C4244: 'initializing': conversion from 'float' to 'int', possible loss of data
  C:\Program Files (x86)\Microsoft Visual Studio 14.0\VC\include\xmemory0(857): note: see reference to function template instantiation 'void std::allocator<_Ty>::construct<_Objty,float&>(_Objty *,float &)' being compiled
          with
          [
              _Ty=cl_context_properties,
              _Objty=int
          ]
  C:\Program Files (x86)\Microsoft Visual Studio 14.0\VC\include\xmemory0(857): note: see reference to function template instantiation 'void std::allocator<_Ty>::construct<_Objty,float&>(_Objty *,float &)' being compiled
          with
          [
              _Ty=cl_context_properties,
              _Objty=int
          ]
  C:\Program Files (x86)\Microsoft Visual Studio 14.0\VC\include\xmemory0(996): note: see reference to function template instantiation 'void std::allocator_traits<_Alloc>::construct<_Ty,float&>(std::allocator<_Ty> &,_Objty *,float &)' being compiled
          with
          [
              _Alloc=std::allocator<cl_context_properties>,
              _Ty=int,
              _Objty=int
          ]
  C:\Program Files (x86)\Microsoft Visual Studio 14.0\VC\include\xmemory0(995): note: see reference to function template instantiation 'void std::allocator_traits<_Alloc>::construct<_Ty,float&>(std::allocator<_Ty> &,_Objty *,float &)' being compiled
          with
          [
              _Alloc=std::allocator<cl_context_properties>,
              _Ty=int,
              _Objty=int
          ]
  C:\Program Files (x86)\Microsoft Visual Studio 14.0\VC\include\xmemory(225): note: see reference to function template instantiation 'void std::_Wrap_alloc<std::allocator<_Ty>>::construct<_Ty,float&>(_Ty *,float &)' being compiled
          with
          [
              _Ty=cl_context_properties
          ]
  C:\Program Files (x86)\Microsoft Visual Studio 14.0\VC\include\xmemory(225): note: see reference to function template instantiation 'void std::_Wrap_alloc<std::allocator<_Ty>>::construct<_Ty,float&>(_Ty *,float &)' being compiled
          with
          [
              _Ty=cl_context_properties
          ]
  C:\Program Files (x86)\Microsoft Visual Studio 14.0\VC\include\xmemory(251): note: see reference to function template instantiation '_FwdIt *std::_Uninitialized_copy_al_unchecked1<_InIt,_FwdIt,std::allocator<_Ty>>(_InIt,_InIt,_FwdIt,std::_Wrap_alloc<std::allocator<_Ty>> &,std::_General_ptr_iterator_tag,std::_Any_tag)' being compiled
          with
          [
              _FwdIt=int *,
              _InIt=float *,
              _Ty=cl_context_properties
          ]
  C:\Program Files (x86)\Microsoft Visual Studio 14.0\VC\include\xmemory(264): note: see reference to function template instantiation '_FwdIt *std::_Uninitialized_copy_al_unchecked<float*,_Iter,std::allocator<_Ty>>(_InIt,_InIt,_FwdIt,std::_Wrap_alloc<std::allocator<_Ty>> &)' being compiled
          with
          [
              _FwdIt=int *,
              _Iter=int *,
              _Ty=cl_context_properties,
              _InIt=float *
          ]
  C:\Program Files (x86)\Microsoft Visual Studio 14.0\VC\include\vector(1653): note: see reference to function template instantiation '_FwdIt *std::_Uninitialized_copy<_Iter,int*,std::allocator<_Ty>>(_InIt,_InIt,_FwdIt,std::_Wrap_alloc<std::allocator<_Ty>> &)' being compiled
          with
          [
              _FwdIt=int *,
              _Iter=std::_Vector_iterator<std::_Vector_val<std::_Simple_types<float>>>,
              _Ty=cl_context_properties,
              _InIt=std::_Vector_iterator<std::_Vector_val<std::_Simple_types<float>>>
          ]
  C:\Program Files (x86)\Microsoft Visual Studio 14.0\VC\include\vector(1436): note: see reference to function template instantiation 'int *std::vector<cl_context_properties,std::allocator<_Ty>>::_Ucopy<_Iter>(_Iter,_Iter,int *)' being compiled
          with
          [
              _Ty=cl_context_properties,
              _Iter=std::_Vector_iterator<std::_Vector_val<std::_Simple_types<float>>>
          ]
  C:\Program Files (x86)\Microsoft Visual Studio 14.0\VC\include\vector(1436): note: see reference to function template instantiation 'int *std::vector<cl_context_properties,std::allocator<_Ty>>::_Ucopy<_Iter>(_Iter,_Iter,int *)' being compiled
          with
          [
              _Ty=cl_context_properties,
              _Iter=std::_Vector_iterator<std::_Vector_val<std::_Simple_types<float>>>
          ]
  C:\Program Files (x86)\Microsoft Visual Studio 14.0\VC\include\vector(1375): note: see reference to function template instantiation 'void std::vector<cl_context_properties,std::allocator<_Ty>>::_Insert<_Iter>(std::_Vector_const_iterator<std::_Vector_val<std::_Simple_types<int>>>,_Iter,_Iter,std::forward_iterator_tag)' being compiled
          with
          [
              _Ty=cl_context_properties,
              _Iter=std::_Vector_iterator<std::_Vector_val<std::_Simple_types<float>>>
          ]
  C:\Program Files (x86)\Microsoft Visual Studio 14.0\VC\include\vector(1375): note: see reference to function template instantiation 'void std::vector<cl_context_properties,std::allocator<_Ty>>::_Insert<_Iter>(std::_Vector_const_iterator<std::_Vector_val<std::_Simple_types<int>>>,_Iter,_Iter,std::forward_iterator_tag)' being compiled
          with
          [
              _Ty=cl_context_properties,
              _Iter=std::_Vector_iterator<std::_Vector_val<std::_Simple_types<float>>>
          ]
  Source.cpp(154): note: see reference to function template instantiation 'std::_Vector_iterator<std::_Vector_val<std::_Simple_types<int>>> std::vector<cl_context_properties,std::allocator<_Ty>>::insert<std::_Vector_iterator<std::_Vector_val<std::_Simple_types<float>>>>(std::_Vector_const_iterator<std::_Vector_val<std::_Simple_types<int>>>,_Iter,_Iter)' being compiled
          with
          [
              _Ty=cl_context_properties,
              _Iter=std::_Vector_iterator<std::_Vector_val<std::_Simple_types<float>>>
          ]
  Source.cpp(154): note: see reference to function template instantiation 'std::_Vector_iterator<std::_Vector_val<std::_Simple_types<int>>> std::vector<cl_context_properties,std::allocator<_Ty>>::insert<std::_Vector_iterator<std::_Vector_val<std::_Simple_types<float>>>>(std::_Vector_const_iterator<std::_Vector_val<std::_Simple_types<int>>>,_Iter,_Iter)' being compiled
          with
          [
              _Ty=cl_context_properties,
              _Iter=std::_Vector_iterator<std::_Vector_val<std::_Simple_types<float>>>
          ]
  Generating code
  1 of 829 functions ( 0.1%) were compiled, the rest were copied from previous compilation.
    0 functions were new in current compilation
    2 functions had inline decision re-evaluated but remain unchanged
  Finished generating code
  ParallelAssignment.vcxproj -> C:\Users\user\Desktop\ParallelAssignment\Release\ParallelAssignment.exe
  ParallelAssignment.vcxproj -> C:\Users\user\Desktop\ParallelAssignment\Release\ParallelAssignment.pdb (Full PDB)
  OpenCLFile.cl
          1 file(s) copied.
