  Preprocessing: OpenCLFile.cl
  Setting target instruction set architecture to: Default (Advanced Vector Extension 2 (AVX2))
  OpenCL Intel CPU device was found!
  Device name: Intel(R) Core(TM) i5-7500 CPU @ 3.40GHz
  Device version: OpenCL 1.2 (Build 25)
  Device vendor: Intel(R) Corporation
  Device profile: FULL_PROFILE
  Compilation started
  Compilation done
  Linking started
  Linking done
  Device build started
  Device build done
  Kernel <add> was successfully vectorized (8)
  Kernel <addAll> was not vectorized
  Done.
  add info:
  	Maximum work-group size: 8192
  	Compiler work-group size: (0, 0, 0)
  	Local memory size: 0
  	Preferred multiple of work-group size: 128
  	Minimum amount of private memory: 0
  
  addAll info:
  	Maximum work-group size: 2048
  	Compiler work-group size: (0, 0, 0)
  	Local memory size: 0
  	Preferred multiple of work-group size: 128
  	Minimum amount of private memory: 128
  
  Build succeeded!
  
  Source.cpp
Source.cpp(18): warning C4018: '<': signed/unsigned mismatch
  ParallelAssignment.vcxproj -> C:\Users\user\Desktop\ParallelAssignment\Debug\ParallelAssignment.exe
  ParallelAssignment.vcxproj -> C:\Users\user\Desktop\ParallelAssignment\Debug\ParallelAssignment.pdb (Full PDB)
  OpenCLFile.cl
          1 file(s) copied.
